<?xml version="1.0" encoding="UTF-8" ?>
<testsuite errors="0" failures="0" hostname="TIET-331-WS-05" name="snakegame.SnakeTest" skipped="0" tests="5" time="0.152" timestamp="2015-04-09T11:57:54">
  <properties>
    <property name="netbeans.autoupdate.country" value="US" />
    <property name="javac.test.classpath" value="C:\Users\G7719\AppData\Roaming\NetBeans\8.0\modules\ext\junit-4.10.jar:build/classes" />
    <property name="libs.junit.javadoc" value="C:\Users\G7719\AppData\Roaming\NetBeans\8.0\docs\junit-3.8.2-api.zip" />
    <property name="ant.core.lib" value="C:\Program Files\NetBeans 8.0\extide\ant\lib\ant.jar" />
    <property name="javadoc.windowtitle" value="" />
    <property name="user.dir" value="S:\snake" />
    <property name="java.vm.version" value="25.31-b07" />
    <property name="libs.MySQLDriver.classpath" value="C:\Program Files\NetBeans 8.0\ide\modules\ext\mysql-connector-java-5.1.23-bin.jar" />
    <property name="libs.eclipselinkmodelgen.src" value="" />
    <property name="javadoc.notree" value="false" />
    <property name="netbeans.autoupdate.version" value="1.23" />
    <property name="javac.profile.cmd.line.arg" value="" />
    <property name="jdk.home" value="C:\Program Files\Java\jdk1.8.0_31" />
    <property name="libs.javac-api.src" value="" />
    <property name="javadoc.noindex" value="false" />
    <property name="libs.jpa2-persistence.classpath" value="C:\Program Files\NetBeans 8.0\java\modules\ext\hibernate4\hibernate-jpa-2.0-api-1.0.1.Final.jar" />
    <property name="sun.os.patch.level" value="Service Pack 1" />
    <property name="do.archive+manifest.available" value="true" />
    <property name="java.vm.specification.name" value="Java Virtual Machine Specification" />
    <property name="nb.show.statistics.ui" value="usageStatisticsEnabled" />
    <property name="netbeans.autoupdate.variant" value="" />
    <property name="ant.file.matopeli-impl" value="S:\snake\nbproject\build-impl.xml" />
    <property name="have.tests" value="true" />
    <property name="org.xml.sax.driver" value="com.sun.org.apache.xerces.internal.jaxp.SAXParserImpl$JAXPSAXParser" />
    <property name="libs.javac-api.javadoc" value="" />
    <property name="os.name" value="Windows 7" />
    <property name="libs.beans-binding.classpath" value="C:\Program Files\NetBeans 8.0\java\modules\ext\beansbinding-1.2.1.jar" />
    <property name="ap.proc.none.internal" value="" />
    <property name="libs.JWSAntTasks.maven-pom" value="" />
    <property name="libs.testng.src" value="" />
    <property name="java.vendor.url.bug" value="http://bugreport.sun.com/bugreport/" />
    <property name="libs.jaxb.maven-pom" value="" />
    <property name="os.arch" value="amd64" />
    <property name="libs.eclipselink.src" value="" />
    <property name="user.name" value="G7719" />
    <property name="copylibs.rebase" value="true" />
    <property name="libs.swing-layout.maven-pom" value="" />
    <property name="sun.java.command" value="org.apache.tools.ant.taskdefs.optional.junit.JUnitTestRunner snakegame.SnakeTest filtertrace=true haltOnError=false haltOnFailure=false showoutput=true outputtoformatters=true logfailedtests=true logtestlistenerevents=true formatter=org.apache.tools.ant.taskdefs.optional.junit.BriefJUnitResultFormatter formatter=org.apache.tools.ant.taskdefs.optional.junit.XMLJUnitResultFormatter,S:\snake\build\test\results\TEST-snakegame.SnakeTest.xml crashfile=S:\snake\build\junitvmwatcher2363479245510670958.properties propsfile=S:\snake\build\junit7907962035577305080.properties" />
    <property name="build.classes.dir" value="build/classes" />
    <property name="netbeans.accept_license_class" value="org.netbeans.license.AcceptLicense" />
    <property name="build.sysclasspath" value="ignore" />
    <property name="ap.supported.internal" value="true" />
    <property name="libs.jaxws21.javadoc" value="C:\Program Files\NetBeans 8.0\java\docs\jaxws-api-doc.zip" />
    <property name="includes" value="**" />
    <property name="user.country" value="US" />
    <property name="manifest.file" value="manifest.mf" />
    <property name="javadoc.encoding" value="UTF-8" />
    <property name="javac.classpath" value="C:\Users\G7719\AppData\Roaming\NetBeans\8.0\modules\ext\junit-4.10.jar" />
    <property name="libs.spring-framework400.classpath" value="C:\Program Files\NetBeans 8.0\ide\modules\org-apache-commons-logging.jar;C:\Program Files\NetBeans 8.0\java\modules\ext\cglib-2.2.jar;C:\Program Files\NetBeans 8.0\java\modules\ext\spring-4\spring-aop-4.0.1.RELEASE.jar;C:\Program Files\NetBeans 8.0\java\modules\ext\spring-4\spring-aspects-4.0.1.RELEASE.jar;C:\Program Files\NetBeans 8.0\java\modules\ext\spring-4\spring-beans-4.0.1.RELEASE.jar;C:\Program Files\NetBeans 8.0\java\modules\ext\spring-4\spring-build-src-4.0.1.RELEASE.jar;C:\Program Files\NetBeans 8.0\java\modules\ext\spring-4\spring-context-4.0.1.RELEASE.jar;C:\Program Files\NetBeans 8.0\java\modules\ext\spring-4\spring-context-support-4.0.1.RELEASE.jar;C:\Program Files\NetBeans 8.0\java\modules\ext\spring-4\spring-core-4.0.1.RELEASE.jar;C:\Program Files\NetBeans 8.0\java\modules\ext\spring-4\spring-expression-4.0.1.RELEASE.jar;C:\Program Files\NetBeans 8.0\java\modules\ext\spring-4\spring-framework-bom-4.0.1.RELEASE.jar;C:\Program Files\NetBeans 8.0\java\modules\ext\spring-4\spring-instrument-4.0.1.RELEASE.jar;C:\Program Files\NetBeans 8.0\java\modules\ext\spring-4\spring-instrument-tomcat-4.0.1.RELEASE.jar;C:\Program Files\NetBeans 8.0\java\modules\ext\spring-4\spring-jdbc-4.0.1.RELEASE.jar;C:\Program Files\NetBeans 8.0\java\modules\ext\spring-4\spring-jms-4.0.1.RELEASE.jar;C:\Program Files\NetBeans 8.0\java\modules\ext\spring-4\spring-messaging-4.0.1.RELEASE.jar;C:\Program Files\NetBeans 8.0\java\modules\ext\spring-4\spring-orm-4.0.1.RELEASE.jar;C:\Program Files\NetBeans 8.0\java\modules\ext\spring-4\spring-oxm-4.0.1.RELEASE.jar;C:\Program Files\NetBeans 8.0\java\modules\ext\spring-4\spring-test-4.0.1.RELEASE.jar;C:\Program Files\NetBeans 8.0\java\modules\ext\spring-4\spring-tx-4.0.1.RELEASE.jar;C:\Program Files\NetBeans 8.0\java\modules\ext\spring-4\spring-web-4.0.1.RELEASE.jar;C:\Program Files\NetBeans 8.0\java\modules\ext\spring-4\spring-webmvc-4.0.1.RELEASE.jar;C:\Program Files\NetBeans 8.0\java\modules\ext\spring-4\spring-webmvc-portlet-4.0.1.RELEASE.jar;C:\Program Files\NetBeans 8.0\java\modules\ext\spring-4\spring-websocket-4.0.1.RELEASE.jar" />
    <property name="debug-transport" value="dt_shmem" />
    <property name="netbeans.home" value="C:\Program Files\NetBeans 8.0\platform" />
    <property name="build.compiler.emacs" value="true" />
    <property name="java.endorsed.dirs" value="C:\Program Files\Java\jdk1.8.0_31\jre\lib\endorsed" />
    <property name="ant.file.type.matopeli" value="file" />
    <property name="user.language.format" value="fi" />
    <property name="netbeans.dynamic.classpath" value="C:\Program Files\NetBeans 8.0\platform\core\core.jar;C:\Program Files\NetBeans 8.0\platform\core\org-openide-filesystems.jar;C:\Program Files\NetBeans 8.0\platform\core\locale\core_ja.jar;C:\Program Files\NetBeans 8.0\platform\core\locale\core_pt_BR.jar;C:\Program Files\NetBeans 8.0\platform\core\locale\core_ru.jar;C:\Program Files\NetBeans 8.0\platform\core\locale\core_zh_CN.jar;C:\Program Files\NetBeans 8.0\platform\core\locale\org-openide-filesystems_ja.jar;C:\Program Files\NetBeans 8.0\platform\core\locale\org-openide-filesystems_pt_BR.jar;C:\Program Files\NetBeans 8.0\platform\core\locale\org-openide-filesystems_ru.jar;C:\Program Files\NetBeans 8.0\platform\core\locale\org-openide-filesystems_zh_CN.jar;C:\Program Files\NetBeans 8.0\nb\core\org-netbeans-upgrader.jar;C:\Program Files\NetBeans 8.0\nb\core\locale\core_nb.jar;C:\Program Files\NetBeans 8.0\nb\core\locale\core_nb_ja.jar;C:\Program Files\NetBeans 8.0\nb\core\locale\core_nb_pt_BR.jar;C:\Program Files\NetBeans 8.0\nb\core\locale\core_nb_ru.jar;C:\Program Files\NetBeans 8.0\nb\core\locale\core_nb_zh_CN.jar;C:\Program Files\NetBeans 8.0\nb\core\locale\org-netbeans-upgrader_ja.jar;C:\Program Files\NetBeans 8.0\nb\core\locale\org-netbeans-upgrader_pt_BR.jar;C:\Program Files\NetBeans 8.0\nb\core\locale\org-netbeans-upgrader_ru.jar;C:\Program Files\NetBeans 8.0\nb\core\locale\org-netbeans-upgrader_zh_CN.jar" />
    <property name="ant.file.matopeli" value="S:\snake\build.xml" />
    <property name="java.vm.specification.version" value="1.8" />
    <property name="libs.hibernate4-support.src" value="" />
    <property name="netbeans.productversion" value="NetBeans IDE 8.0 (Build 201403101706)" />
    <property name="libs.jaxws21.src" value="" />
    <property name="do.archive" value="true" />
    <property name="netbeans.autoupdate.language" value="en" />
    <property name="java.vendor" value="Oracle Corporation" />
    <property name="jar.index.metainf" value="false" />
    <property name="javac.debug" value="true" />
    <property name="javadoc.splitindex" value="true" />
    <property name="file.separator" value="\" />
    <property name="libs.junit_4.maven-pom" value="" />
    <property name="mkdist.disabled" value="false" />
    <property name="javac.test.processorpath" value="C:\Users\G7719\AppData\Roaming\NetBeans\8.0\modules\ext\junit-4.10.jar:build/classes" />
    <property name="netbeans.buildnumber" value="201403101706" />
    <property name="libs.JWSAntTasks.javadoc" value="" />
    <property name="build.generated.sources.dir" value="build/generated-sources" />
    <property name="user.variant" value="" />
    <property name="libs.eclipselinkmodelgen.classpath" value="C:\Program Files\NetBeans 8.0\java\modules\ext\eclipselink\org.eclipse.persistence.jpa.modelgen_2.5.1.v20130918-f2b9fc5.jar" />
    <property name="sun.java.launcher" value="SUN_STANDARD" />
    <property name="libs.junit.classpath" value="C:\Users\G7719\AppData\Roaming\NetBeans\8.0\modules\ext\junit-3.8.2.jar" />
    <property name="libs.hibernate4-persistencemodelgen.javadoc" value="" />
    <property name="libs.jaxb.javadoc" value="C:\Program Files\NetBeans 8.0\ide\docs\jaxb-api-doc.zip" />
    <property name="org.openide.awt.SwingBrowserImpl.do-not-block-awt" value="false" />
    <property name="ant.home" value="C:\Program Files\NetBeans 8.0\extide\ant" />
    <property name="libs.junit_4.src" value="C:\Users\G7719\AppData\Roaming\NetBeans\8.0\docs\junit-4.10-sources.jar" />
    <property name="libs.testng.classpath" value="C:\Program Files\NetBeans 8.0\platform\modules\ext\testng-6.8.1-dist.jar" />
    <property name="libs.absolutelayout.maven-pom" value="" />
    <property name="ant.java.version" value="1.8" />
    <property name="java.library.path" value="C:\Program Files\Java\jdk1.8.0_31\jre\bin;C:\Windows\Sun\Java\bin;C:\Windows\system32;C:\Windows;C:\ProgramData\Oracle\Java\javapath;C:\Windows\system32;C:\Windows;C:\Windows\System32\Wbem;C:\Windows\System32\WindowsPowerShell\v1.0\;C:\Program Files (x86)\Subversion\bin;C:\Program Files (x86)\QuickTime\QTSystem\;C:\Program Files\TortoiseSVN\bin;C:\Program Files (x86)\Windows Kits\8.1\Windows Performance Toolkit\;C:\Program Files\Microsoft SQL Server\110\Tools\Binn\;C:\Program Files (x86)\Microsoft SDKs\TypeScript\1.0\;C:\Program Files\TortoiseGit\bin;C:\Program Files (x86)\GitExtensions\;." />
    <property name="javadoc.author" value="false" />
    <property name="java.util.logging.config.class" value="org.netbeans.core.startup.TopLogging" />
    <property name="libs.spring-framework400.src" value="" />
    <property name="libs.PostgreSQLDriver.src" value="" />
    <property name="ant.file.type.matopeli-impl" value="file" />
    <property name="sun.arch.data.model" value="64" />
    <property name="basedir" value="S:\snake" />
    <property name="libs.jpa20-persistence.maven-pom" value="" />
    <property name="jar.compress" value="false" />
    <property name="path.separator" value=";" />
    <property name="ant.junit.enabletestlistenerevents" value="true" />
    <property name="sun.io.unicode.encoding" value="UnicodeLittle" />
    <property name="libs.jaxws21.classpath" value="C:\Program Files\NetBeans 8.0\ide\modules\ext\jaxb\jaxb-impl.jar;C:\Program Files\NetBeans 8.0\ide\modules\ext\jaxb\jaxb-xjc.jar;C:\Program Files\NetBeans 8.0\java\modules\ext\jaxws22\FastInfoset.jar;C:\Program Files\NetBeans 8.0\java\modules\ext\jaxws22\gmbal-api-only.jar;C:\Program Files\NetBeans 8.0\java\modules\ext\jaxws22\ha-api.jar;C:\Program Files\NetBeans 8.0\java\modules\ext\jaxws22\javax.mail_1.4.jar;C:\Program Files\NetBeans 8.0\java\modules\ext\jaxws22\jaxws-rt.jar;C:\Program Files\NetBeans 8.0\java\modules\ext\jaxws22\jaxws-tools.jar;C:\Program Files\NetBeans 8.0\java\modules\ext\jaxws22\management-api.jar;C:\Program Files\NetBeans 8.0\java\modules\ext\jaxws22\mimepull.jar;C:\Program Files\NetBeans 8.0\java\modules\ext\jaxws22\policy.jar;C:\Program Files\NetBeans 8.0\java\modules\ext\jaxws22\saaj-impl.jar;C:\Program Files\NetBeans 8.0\java\modules\ext\jaxws22\stax-ex.jar;C:\Program Files\NetBeans 8.0\java\modules\ext\jaxws22\stax2-api.jar;C:\Program Files\NetBeans 8.0\java\modules\ext\jaxws22\streambuffer.jar;C:\Program Files\NetBeans 8.0\java\modules\ext\jaxws22\woodstox-core-asl.jar;C:\Program Files\NetBeans 8.0\java\modules\ext\jaxws22\api\jaxws-api.jar;C:\Program Files\NetBeans 8.0\java\modules\ext\jaxws22\api\jsr181-api.jar;C:\Program Files\NetBeans 8.0\java\modules\ext\jaxws22\api\javax.annotation.jar;C:\Program Files\NetBeans 8.0\java\modules\ext\jaxws22\api\saaj-api.jar;C:\Program Files\NetBeans 8.0\ide\modules\ext\jaxb\activation.jar;C:\Program Files\NetBeans 8.0\ide\modules\ext\jaxb\api\jaxb-api.jar;C:\Program Files\NetBeans 8.0\ide\modules\ext\jaxb\api\jsr173_1.0_api.jar" />
    <property name="compile.on.save" value="true" />
    <property name="apple.awt.graphics.UseQuartz" value="true" />
    <property name="user.language" value="en" />
    <property name="testng.mode" value="testng" />
    <property name="libs.JAXB-ENDORSED.maven-pom" value="" />
    <property name="libs.eclipselink.maven-pom" value="" />
    <property name="test.binaryincludes" value="&lt;nothing&gt;" />
    <property name="manifest.available" value="true" />
    <property name="libs.spring-framework300.maven-pom" value="" />
    <property name="run.test.classpath" value="C:\Users\G7719\AppData\Roaming\NetBeans\8.0\modules\ext\junit-4.10.jar:build/classes:build/test/classes" />
    <property name="ant.project.invoked-targets" value="test" />
    <property name="test.binaryexcludes" value="" />
    <property name="libs.swing-layout.javadoc" value="C:\Program Files\NetBeans 8.0\platform\docs\swing-layout-1.0.4-doc.zip" />
    <property name="sun.java2d.dpiaware" value="true" />
    <property name="libs.hibernate4-persistence.maven-pom" value="" />
    <property name="https.nonProxyHosts" value="localhost|127.0.0.1|TIET-331-WS-05" />
    <property name="libs.PostgreSQLDriver.maven-pom" value="" />
    <property name="java.class.version" value="52.0" />
    <property name="libs.hibernate4-persistencemodelgen.maven-pom" value="" />
    <property name="libs.eclipselink.javadoc" value="" />
    <property name="user.properties.file" value="C:\Users\G7719\AppData\Roaming\NetBeans\8.0\build.properties" />
    <property name="runtime.encoding" value="UTF-8" />
    <property name="libs.javac-api.maven-pom" value="" />
    <property name="file.encoding.pkg" value="sun.io" />
    <property name="sun.cpu.endian" value="little" />
    <property name="libs.JAXB-ENDORSED.javadoc" value="" />
    <property name="libs.JWSAntTasks.classpath" value="C:\Program Files\NetBeans 8.0\java\ant\extra\org-netbeans-modules-javawebstart-anttasks.jar" />
    <property name="libs.spring-framework300.src" value="" />
    <property name="empty.dir" value="S:\snake\build\empty" />
    <property name="version-output" value="java version &quot;1.8" />
    <property name="test.binarytestincludes" value="" />
    <property name="libs.hibernate4-persistencemodelgen.src" value="" />
    <property name="javadoc.preview" value="true" />
    <property name="libs.jpa20-persistence.javadoc" value="" />
    <property name="nbplatform.default.harness.dir" value="${nbplatform.default.netbeans.dest.dir}/harness" />
    <property name="java.home" value="C:\Program Files\Java\jdk1.8.0_31\jre" />
    <property name="debug.test.classpath" value="C:\Users\G7719\AppData\Roaming\NetBeans\8.0\modules\ext\junit-4.10.jar:build/classes:build/test/classes" />
    <property name="netbeans.importclass" value="org.netbeans.upgrade.AutoUpgrade" />
    <property name="ant.project.default-target" value="default" />
    <property name="annotation.processing.run.all.processors" value="true" />
    <property name="libs.PostgreSQLDriver.javadoc" value="" />
    <property name="libs.MySQLDriver.maven-pom" value="" />
    <property name="libs.hibernate4-persistence.javadoc" value="" />
    <property name="http.nonProxyHosts" value="localhost|127.0.0.1|TIET-331-WS-05" />
    <property name="libs.junit_4.javadoc" value="C:\Users\G7719\AppData\Roaming\NetBeans\8.0\docs\junit-4.10-javadoc.jar" />
    <property name="run.classpath" value="C:\Users\G7719\AppData\Roaming\NetBeans\8.0\modules\ext\junit-4.10.jar:build/classes" />
    <property name="jna.boot.library.name" value="jnidispatch-340" />
    <property name="sun.awt.datatransfer.timeout" value="1000" />
    <property name="libs.jpa2-persistence.maven-pom" value="" />
    <property name="annotation.processing.enabled.in.editor" value="false" />
    <property name="libs.hibernate4-support.classpath" value="C:\Program Files\NetBeans 8.0\java\modules\ext\hibernate4\antlr-2.7.7.jar;C:\Program Files\NetBeans 8.0\java\modules\ext\hibernate4\c3p0-0.9.2.1.jar;C:\Program Files\NetBeans 8.0\java\modules\ext\hibernate4\hibernate-c3p0-4.2.6.Final.jar;C:\Program Files\NetBeans 8.0\java\modules\ext\hibernate4\dom4j-1.6.1.jar;C:\Program Files\NetBeans 8.0\java\modules\ext\hibernate4\ehcache-core-2.4.3.jar;C:\Program Files\NetBeans 8.0\java\modules\ext\hibernate4\hibernate-ehcache-4.2.6.Final.jar;C:\Program Files\NetBeans 8.0\java\modules\ext\hibernate4\hibernate-core-4.2.6.Final.jar;C:\Program Files\NetBeans 8.0\java\modules\ext\hibernate4\jboss-logging-3.1.0.GA.jar;C:\Program Files\NetBeans 8.0\java\modules\ext\hibernate4\hibernate-commons-annotations-4.0.2.Final.jar;C:\Program Files\NetBeans 8.0\java\modules\ext\hibernate4\hibernate-entitymanager-4.2.6.Final.jar;C:\Program Files\NetBeans 8.0\java\modules\ext\hibernate4\javassist-3.15.0-GA.jar;C:\Program Files\NetBeans 8.0\java\modules\ext\hibernate4\jboss-transaction-api_1.1_spec-1.0.1.Final.jar;C:\Program Files\NetBeans 8.0\java\modules\ext\hibernate4\slf4j-api-1.6.1.jar;C:\Program Files\NetBeans 8.0\java\modules\ext\hibernate4\slf4j-simple-1.6.1.jar" />
    <property name="nb.native.filechooser" value="false" />
    <property name="sun.management.compiler" value="HotSpot 64-Bit Tiered Compilers" />
    <property name="javac.deprecation" value="false" />
    <property name="javadoc.use" value="true" />
    <property name="sun.java2d.noddraw" value="true" />
    <property name="javac.processorpath" value="C:\Users\G7719\AppData\Roaming\NetBeans\8.0\modules\ext\junit-4.10.jar" />
    <property name="javac.compilerargs" value="" />
    <property name="ant.file" value="S:\snake\build.xml" />
    <property name="libs.beans-binding.maven-pom" value="" />
    <property name="libs.hibernate4-support.javadoc" value="" />
    <property name="libs.beans-binding.src" value="" />
    <property name="java.vm.specification.vendor" value="Oracle Corporation" />
    <property name="libs.swing-layout.src" value="C:\Program Files\NetBeans 8.0\platform\docs\swing-layout-1.0.4-src.zip" />
    <property name="org.openide.major.version" value="IDE/1" />
    <property name="java.vm.name" value="Java HotSpot(TM) 64-Bit Server VM" />
    <property name="netbeans.user" value="C:\Users\G7719\AppData\Roaming\NetBeans\8.0" />
    <property name="javadoc.additionalparam" value="" />
    <property name="java.io.tmpdir" value="C:\Users\G7719\AppData\Local\Temp\" />
    <property name="java.vendor.url" value="http://java.oracle.com/" />
    <property name="endorsed.classpath.cmd.line.arg" value="" />
    <property name="junit.available" value="true" />
    <property name="org.openide.awt.ActionReference.completion" value="org.netbeans.modules.apisupport.project.layers.PathCompletions" />
    <property name="sun.boot.library.path" value="C:\Program Files\Java\jdk1.8.0_31\jre\bin" />
    <property name="have.sources" value="true" />
    <property name="debug.classpath" value="C:\Users\G7719\AppData\Roaming\NetBeans\8.0\modules\ext\junit-4.10.jar:build/classes" />
    <property name="javadoc.private" value="false" />
    <property name="test.src.dir" value="test" />
    <property name="ap.processors.internal" value="" />
    <property name="meta.inf.dir" value="src/META-INF" />
    <property name="javadoc.encoding.used" value="UTF-8" />
    <property name="dist.jar" value="dist/matopeli.jar" />
    <property name="libs.spring-framework400.maven-pom" value="" />
    <property name="netbeans.automatic.build" value="true" />
    <property name="java.runtime.name" value="Java(TM) SE Runtime Environment" />
    <property name="ant.project.name" value="matopeli" />
    <property name="netbeans.hash.code" value="unique=NB_EXTIDE_JAVA0bd2f0f1f-d31c-4158-914d-8c482466a4b0_c1bf3ecd-43ce-49cc-a6a3-7dc530309ae0" />
    <property name="netbeans.default_userdir_root" value="C:\Users\G7719\AppData\Roaming\NetBeans" />
    <property name="sun.cpu.isalist" value="amd64" />
    <property name="libs.spring-framework400.javadoc" value="" />
    <property name="libs.CopyLibs.javadoc" value="" />
    <property name="org.openide.specification.version" value="6.2" />
    <property name="user.home" value="C:\Users\G7719" />
    <property name="annotation.processing.processors.list" value="" />
    <property name="debug-args-line" value="-Xdebug" />
    <property name="libs.JWSAntTasks.src" value="" />
    <property name="jar.index" value="false" />
    <property name="libs.CopyLibs.maven-pom" value="" />
    <property name="libs.spring-framework300.javadoc" value="" />
    <property name="libs.absolutelayout.javadoc" value="" />
    <property name="java.specification.name" value="Java Platform API Specification" />
    <property name="java.specification.vendor" value="Oracle Corporation" />
    <property name="libs.javac-api.classpath" value="C:\Program Files\NetBeans 8.0\java\modules\ext\nb-javac-api.jar" />
    <property name="java.version" value="1.8.0_31" />
    <property name="run.jvmargs.ide" value="" />
    <property name="javadoc.version" value="false" />
    <property name="libs.MySQLDriver.javadoc" value="" />
    <property name="org.openide.version" value="deprecated" />
    <property name="platform.java" value="C:\Program Files\Java\jdk1.8.0_31\jre/bin/java" />
    <property name="source.encoding" value="UTF-8" />
    <property name="ap.cmd.line.internal" value="" />
    <property name="libs.eclipselinkmodelgen.maven-pom" value="" />
    <property name="libs.junit.maven-pom" value="" />
    <property name="libs.eclipselinkmodelgen.javadoc" value="" />
    <property name="netbeans.home+have.tests" value="true" />
    <property name="annotation.processing.processor.options" value="" />
    <property name="libs.testng.maven-pom" value="" />
    <property name="libs.jaxb.src" value="" />
    <property name="work.dir" value="S:\snake" />
    <property name="libs.jaxb.classpath" value="C:\Program Files\NetBeans 8.0\ide\modules\ext\jaxb\jaxb-impl.jar;C:\Program Files\NetBeans 8.0\ide\modules\ext\jaxb\jaxb-xjc.jar;C:\Program Files\NetBeans 8.0\ide\modules\ext\jaxb\jaxb1-impl.jar;C:\Program Files\NetBeans 8.0\ide\modules\ext\jaxb\activation.jar;C:\Program Files\NetBeans 8.0\ide\modules\ext\jaxb\api\jaxb-api.jar;C:\Program Files\NetBeans 8.0\ide\modules\ext\jaxb\api\jsr173_1.0_api.jar" />
    <property name="do.depend" value="false" />
    <property name="dist.javadoc.dir" value="dist/javadoc" />
    <property name="libs.swing-layout.classpath" value="C:\Program Files\NetBeans 8.0\platform\modules\ext\swing-layout-1.0.4.jar" />
    <property name="build.generated.dir" value="build/generated" />
    <property name="javac.source" value="1.7" />
    <property name="line.separator" value="&#xd;&#xa;" />
    <property name="java.specification.version" value="1.8" />
    <property name="libs.jaxws21.maven-pom" value="" />
    <property name="java.vm.info" value="mixed mode" />
    <property name="nb.junit.batch" value="true" />
    <property name="junit.forkmode" value="perTest" />
    <property name="user.country.format" value="FI" />
    <property name="sun.boot.class.path" value="C:\Program Files\Java\jdk1.8.0_31\jre\lib\resources.jar;C:\Program Files\Java\jdk1.8.0_31\jre\lib\rt.jar;C:\Program Files\Java\jdk1.8.0_31\jre\lib\sunrsasign.jar;C:\Program Files\Java\jdk1.8.0_31\jre\lib\jsse.jar;C:\Program Files\Java\jdk1.8.0_31\jre\lib\jce.jar;C:\Program Files\Java\jdk1.8.0_31\jre\lib\charsets.jar;C:\Program Files\Java\jdk1.8.0_31\jre\lib\jfr.jar;C:\Program Files\Java\jdk1.8.0_31\jre\classes" />
    <property name="javac.target" value="1.7" />
    <property name="built-jar.properties" value="S:\snake\build\built-jar.properties" />
    <property name="build.test.classes.dir" value="build/test/classes" />
    <property name="src.dir" value="src" />
    <property name="annotation.processing.enabled" value="true" />
    <property name="libs.jpa2-persistence.src" value="" />
    <property name="sun.awt.keepWorkingSetOnMinimize" value="true" />
    <property name="libs.jpa20-persistence.src" value="" />
    <property name="dist.dir" value="dist" />
    <property name="testng.debug.mode" value="" />
    <property name="javac.fork" value="false" />
    <property name="java.awt.printerjob" value="sun.awt.windows.WPrinterJob" />
    <property name="default.javac.source" value="1.8" />
    <property name="debug-transport-by-os" value="dt_shmem" />
    <property name="libs.MySQLDriver.src" value="" />
    <property name="sun.jnu.encoding" value="Cp1252" />
    <property name="java.runtime.version" value="1.8.0_31-b13" />
    <property name="build.test.results.dir" value="build/test/results" />
    <property name="default.javac.target" value="1.8" />
    <property name="libs.junit_4.classpath" value="C:\Users\G7719\AppData\Roaming\NetBeans\8.0\modules\ext\junit-4.10.jar" />
    <property name="user.timezone" value="Europe/Helsinki" />
    <property name="nb.junit.single" value="false" />
    <property name="netbeans.dirs" value="C:\Program Files\NetBeans 8.0\nb;C:\Program Files\NetBeans 8.0\ergonomics;C:\Program Files\NetBeans 8.0\ide;C:\Program Files\NetBeans 8.0\extide;C:\Program Files\NetBeans 8.0\java;C:\Program Files\NetBeans 8.0\apisupport;C:\Program Files\NetBeans 8.0\webcommon;C:\Program Files\NetBeans 8.0\websvccommon;C:\Program Files\NetBeans 8.0\enterprise;C:\Program Files\NetBeans 8.0\mobility;C:\Program Files\NetBeans 8.0\profiler;C:\Program Files\NetBeans 8.0\python;C:\Program Files\NetBeans 8.0\php;C:\Program Files\NetBeans 8.0\identity;C:\Program Files\NetBeans 8.0\harness;C:\Program Files\NetBeans 8.0\cnd;C:\Program Files\NetBeans 8.0\dlight;C:\Program Files\NetBeans 8.0\groovy;C:\Program Files\NetBeans 8.0\extra;C:\Program Files\NetBeans 8.0\javacard;C:\Program Files\NetBeans 8.0\javafx" />
    <property name="java.ext.dirs" value="C:\Program Files\Java\jdk1.8.0_31\jre\lib\ext;C:\Windows\Sun\Java\lib\ext" />
    <property name="libs.absolutelayout.classpath" value="C:\Program Files\NetBeans 8.0\java\modules\ext\AbsoluteLayout.jar" />
    <property name="excludes" value="" />
    <property name="libs.jpa2-persistence.javadoc" value="" />
    <property name="java.class.path" value="C:\Users\G7719\AppData\Roaming\NetBeans\8.0\modules\ext\junit-4.10.jar;S:\snake\build\classes;S:\snake\build\test\classes;C:\Program Files\NetBeans 8.0\extide\ant\lib\ant-launcher.jar;C:\Program Files\NetBeans 8.0\extide\ant\lib\ant.jar;C:\Program Files\NetBeans 8.0\extide\ant\lib\ant-junit.jar;C:\Program Files\NetBeans 8.0\extide\ant\lib\ant-junit4.jar" />
    <property name="apple.laf.useScreenMenuBar" value="true" />
    <property name="do.mkdist" value="true" />
    <property name="libs.absolutelayout.src" value="" />
    <property name="libs.jpa20-persistence.classpath" value="C:\Program Files\NetBeans 8.0\java\modules\ext\eclipselink\javax.persistence_2.1.0.v201304241213.jar" />
    <property name="os.version" value="6.1" />
    <property name="application.args" value="" />
    <property name="sun.awt.enableExtraMouseButtons" value="true" />
    <property name="sun.desktop" value="windows" />
    <property name="libs.hibernate4-persistence.src" value="" />
    <property name="libs.hibernate4-support.maven-pom" value="" />
    <property name="libs.JAXB-ENDORSED.classpath" value="C:\Program Files\NetBeans 8.0\ide\modules\ext\jaxb\api\jaxb-api.jar" />
    <property name="libs.eclipselink.classpath" value="C:\Program Files\NetBeans 8.0\java\modules\ext\eclipselink\eclipselink.jar;C:\Program Files\NetBeans 8.0\java\modules\ext\eclipselink\javax.persistence_2.1.0.v201304241213.jar;C:\Program Files\NetBeans 8.0\java\modules\ext\eclipselink\org.eclipse.persistence.jpa.jpql_2.5.1.v20130918-f2b9fc5.jar" />
    <property name="java.awt.graphicsenv" value="sun.awt.Win32GraphicsEnvironment" />
    <property name="libs.beans-binding.javadoc" value="C:\Program Files\NetBeans 8.0\java\docs\beansbinding-1.2.1-doc.zip" />
    <property name="java.vm.vendor" value="Oracle Corporation" />
    <property name="libs.CopyLibs.classpath" value="C:\Program Files\NetBeans 8.0\java\ant\extra\org-netbeans-modules-java-j2seproject-copylibstask.jar" />
    <property name="libs.spring-framework300.classpath" value="C:\Program Files\NetBeans 8.0\ide\modules\org-apache-commons-logging.jar;C:\Program Files\NetBeans 8.0\java\modules\ext\cglib-2.2.jar;C:\Program Files\NetBeans 8.0\java\modules\ext\spring-3.0\spring-aop-3.2.7.RELEASE.jar;C:\Program Files\NetBeans 8.0\java\modules\ext\spring-3.0\spring-aspects-3.2.7.RELEASE.jar;C:\Program Files\NetBeans 8.0\java\modules\ext\spring-3.0\spring-beans-3.2.7.RELEASE.jar;C:\Program Files\NetBeans 8.0\java\modules\ext\spring-3.0\spring-build-src-3.2.7.RELEASE.jar;C:\Program Files\NetBeans 8.0\java\modules\ext\spring-3.0\spring-context-3.2.7.RELEASE.jar;C:\Program Files\NetBeans 8.0\java\modules\ext\spring-3.0\spring-context-support-3.2.7.RELEASE.jar;C:\Program Files\NetBeans 8.0\java\modules\ext\spring-3.0\spring-core-3.2.7.RELEASE.jar;C:\Program Files\NetBeans 8.0\java\modules\ext\spring-3.0\spring-expression-3.2.7.RELEASE.jar;C:\Program Files\NetBeans 8.0\java\modules\ext\spring-3.0\spring-framework-bom-3.2.7.RELEASE.jar;C:\Program Files\NetBeans 8.0\java\modules\ext\spring-3.0\spring-instrument-3.2.7.RELEASE.jar;C:\Program Files\NetBeans 8.0\java\modules\ext\spring-3.0\spring-instrument-tomcat-3.2.7.RELEASE.jar;C:\Program Files\NetBeans 8.0\java\modules\ext\spring-3.0\spring-jdbc-3.2.7.RELEASE.jar;C:\Program Files\NetBeans 8.0\java\modules\ext\spring-3.0\spring-jms-3.2.7.RELEASE.jar;C:\Program Files\NetBeans 8.0\java\modules\ext\spring-3.0\spring-orm-3.2.7.RELEASE.jar;C:\Program Files\NetBeans 8.0\java\modules\ext\spring-3.0\spring-oxm-3.2.7.RELEASE.jar;C:\Program Files\NetBeans 8.0\java\modules\ext\spring-3.0\spring-struts-3.2.7.RELEASE.jar;C:\Program Files\NetBeans 8.0\java\modules\ext\spring-3.0\spring-test-3.2.7.RELEASE.jar;C:\Program Files\NetBeans 8.0\java\modules\ext\spring-3.0\spring-tx-3.2.7.RELEASE.jar;C:\Program Files\NetBeans 8.0\java\modules\ext\spring-3.0\spring-web-3.2.7.RELEASE.jar;C:\Program Files\NetBeans 8.0\java\modules\ext\spring-3.0\spring-webmvc-3.2.7.RELEASE.jar;C:\Program Files\NetBeans 8.0\java\modules\ext\spring-3.0\spring-webmvc-portlet-3.2.7.RELEASE.jar" />
    <property name="run.jvmargs" value="" />
    <property name="libs.hibernate4-persistence.classpath" value="C:\Program Files\NetBeans 8.0\java\modules\ext\hibernate4\antlr-2.7.7.jar;C:\Program Files\NetBeans 8.0\java\modules\ext\hibernate4\c3p0-0.9.2.1.jar;C:\Program Files\NetBeans 8.0\java\modules\ext\hibernate4\hibernate-c3p0-4.2.6.Final.jar;C:\Program Files\NetBeans 8.0\java\modules\ext\hibernate4\dom4j-1.6.1.jar;C:\Program Files\NetBeans 8.0\java\modules\ext\hibernate4\ehcache-core-2.4.3.jar;C:\Program Files\NetBeans 8.0\java\modules\ext\hibernate4\hibernate-ehcache-4.2.6.Final.jar;C:\Program Files\NetBeans 8.0\java\modules\ext\hibernate4\hibernate-core-4.2.6.Final.jar;C:\Program Files\NetBeans 8.0\java\modules\ext\hibernate4\jboss-logging-3.1.0.GA.jar;C:\Program Files\NetBeans 8.0\java\modules\ext\hibernate4\hibernate-commons-annotations-4.0.2.Final.jar;C:\Program Files\NetBeans 8.0\java\modules\ext\hibernate4\hibernate-entitymanager-4.2.6.Final.jar;C:\Program Files\NetBeans 8.0\java\modules\ext\hibernate4\javassist-3.15.0-GA.jar;C:\Program Files\NetBeans 8.0\java\modules\ext\hibernate4\jboss-transaction-api_1.1_spec-1.0.1.Final.jar;C:\Program Files\NetBeans 8.0\java\modules\ext\hibernate4\slf4j-api-1.6.1.jar;C:\Program Files\NetBeans 8.0\java\modules\ext\hibernate4\slf4j-simple-1.6.1.jar;C:\Program Files\NetBeans 8.0\java\modules\ext\hibernate4\hibernate-jpa-2.0-api-1.0.1.Final.jar" />
    <property name="libs.JAXB-ENDORSED.src" value="" />
    <property name="libs.testng.javadoc" value="C:\Program Files\NetBeans 8.0\platform\docs\testng-6.8.1-javadoc.zip" />
    <property name="libs.PostgreSQLDriver.classpath" value="C:\Program Files\NetBeans 8.0\ide\modules\ext\postgresql-9.2-1002.jdbc4.jar" />
    <property name="user.script" value="" />
    <property name="libs.hibernate4-persistencemodelgen.classpath" value="C:\Program Files\NetBeans 8.0\java\modules\ext\hibernate4\hibernate-jpamodelgen-1.3.0.Final.jar" />
    <property name="libs.junit.src" value="" />
    <property name="annotation.processing.source.output" value="build/generated-sources/ap-source-output" />
    <property name="main.class" value="" />
    <property name="libs.CopyLibs.src" value="" />
    <property name="build.dir" value="build" />
    <property name="ant.version" value="Apache Ant(TM) version 1.9.2 compiled on July 8 2013" />
    <property name="file.encoding" value="Cp1252" />
    <property name="build.classes.excludes" value="**/*.java,**/*.form" />
    <property name="jdkBug6558476" value="false" />
    <property name="javadoc.nonavbar" value="false" />
    <property name="platform.active" value="default_platform" />
    <property name="awt.toolkit" value="sun.awt.windows.WToolkit" />
  </properties>
  <testcase classname="snakegame.SnakeTest" name="testGetX" time="0.013" />
  <testcase classname="snakegame.SnakeTest" name="testGetLenght" time="0.001" />
  <testcase classname="snakegame.SnakeTest" name="testSetFood" time="0.0" />
  <testcase classname="snakegame.SnakeTest" name="testSetPos" time="0.0" />
  <testcase classname="snakegame.SnakeTest" name="testGetY" time="0.001" />
  <system-out><![CDATA[getX
getLenght
setFood
setPos
getY
]]></system-out>
  <system-err><![CDATA[]]></system-err>
</testsuite>
